unityLibrary/build/intermediates/manifest_merge_blame_file/debug/manifest-merger-blame-debug-report.txt
1<?xml version="1.0" encoding="utf-8"?>
2<manifest xmlns:android="http://schemas.android.com/apk/res/android"
3    xmlns:tools="http://schemas.android.com/tools"
4    package="com.unity3d.player" >
5
6    <uses-sdk android:minSdkVersion="24" />
6-->src\main\AndroidManifest.xml
7
8    <uses-feature android:glEsVersion="0x00030000" />
8-->src\main\AndroidManifest.xml:3:3-52
8-->src\main\AndroidManifest.xml:3:17-49
9    <uses-feature
9-->src\main\AndroidManifest.xml:4:3-91
10        android:name="android.hardware.vulkan.version"
10-->src\main\AndroidManifest.xml:4:17-63
11        android:required="false" />
11-->src\main\AndroidManifest.xml:4:64-88
12    <uses-feature
12-->src\main\AndroidManifest.xml:5:3-88
13        android:name="android.hardware.touchscreen"
13-->src\main\AndroidManifest.xml:5:17-60
14        android:required="false" />
14-->src\main\AndroidManifest.xml:5:61-85
15    <uses-feature
15-->src\main\AndroidManifest.xml:6:3-99
16        android:name="android.hardware.touchscreen.multitouch"
16-->src\main\AndroidManifest.xml:6:17-71
17        android:required="false" />
17-->src\main\AndroidManifest.xml:6:72-96
18    <uses-feature
18-->src\main\AndroidManifest.xml:7:3-108
19        android:name="android.hardware.touchscreen.multitouch.distinct"
19-->src\main\AndroidManifest.xml:7:17-80
20        android:required="false" />
20-->src\main\AndroidManifest.xml:7:81-105
21
22    <uses-permission android:name="android.permission.POST_NOTIFICATIONS" />
22-->src\main\AndroidManifest.xml:31:3-75
22-->src\main\AndroidManifest.xml:31:20-72
23
24    <application android:extractNativeLibs="true" >
24-->src\main\AndroidManifest.xml:8:3-30:17
24-->src\main\AndroidManifest.xml:8:16-48
25        <meta-data
25-->src\main\AndroidManifest.xml:9:5-69
26            android:name="unity.splash-mode"
26-->src\main\AndroidManifest.xml:9:16-48
27            android:value="0" />
27-->src\main\AndroidManifest.xml:9:49-66
28        <meta-data
28-->src\main\AndroidManifest.xml:10:5-74
29            android:name="unity.splash-enable"
29-->src\main\AndroidManifest.xml:10:16-50
30            android:value="True" />
30-->src\main\AndroidManifest.xml:10:51-71
31        <meta-data
31-->src\main\AndroidManifest.xml:11:5-78
32            android:name="unity.launch-fullscreen"
32-->src\main\AndroidManifest.xml:11:16-54
33            android:value="True" />
33-->src\main\AndroidManifest.xml:11:55-75
34        <meta-data
34-->src\main\AndroidManifest.xml:12:5-84
35            android:name="unity.allow-resizable-window"
35-->src\main\AndroidManifest.xml:12:16-59
36            android:value="False" />
36-->src\main\AndroidManifest.xml:12:60-81
37        <meta-data
37-->src\main\AndroidManifest.xml:13:5-81
38            android:name="notch.config"
38-->src\main\AndroidManifest.xml:13:16-43
39            android:value="portrait|landscape" />
39-->src\main\AndroidManifest.xml:13:44-78
40        <meta-data
40-->src\main\AndroidManifest.xml:14:5-84
41            android:name="unity.auto-report-fully-drawn"
41-->src\main\AndroidManifest.xml:14:16-60
42            android:value="true" />
42-->src\main\AndroidManifest.xml:14:61-81
43
44        <activity
44-->src\main\AndroidManifest.xml:15:5-22:16
45            android:name="com.unity3d.player.UnityPlayerActivity"
45-->src\main\AndroidManifest.xml:15:15-68
46            android:configChanges="mcc|mnc|locale|touchscreen|keyboard|keyboardHidden|navigation|orientation|screenLayout|uiMode|screenSize|smallestScreenSize|fontScale|layoutDirection|density"
46-->src\main\AndroidManifest.xml:15:180-361
47            android:exported="true"
47-->src\main\AndroidManifest.xml:15:433-456
48            android:hardwareAccelerated="false"
48-->src\main\AndroidManifest.xml:15:397-432
49            android:launchMode="singleTask"
49-->src\main\AndroidManifest.xml:15:148-179
50            android:resizeableActivity="false"
50-->src\main\AndroidManifest.xml:15:362-396
51            android:screenOrientation="fullUser"
51-->src\main\AndroidManifest.xml:15:111-147
52            android:theme="@style/UnityThemeSelector" >
52-->src\main\AndroidManifest.xml:15:69-110
53            <intent-filter>
53-->src\main\AndroidManifest.xml:16:7-19:23
54                <category android:name="android.intent.category.LAUNCHER" />
54-->src\main\AndroidManifest.xml:17:9-69
54-->src\main\AndroidManifest.xml:17:19-66
55
56                <action android:name="android.intent.action.MAIN" />
56-->src\main\AndroidManifest.xml:18:9-61
56-->src\main\AndroidManifest.xml:18:17-58
57            </intent-filter>
58
59            <meta-data
59-->src\main\AndroidManifest.xml:20:7-82
60                android:name="unityplayer.UnityActivity"
60-->src\main\AndroidManifest.xml:20:18-58
61                android:value="true" />
61-->src\main\AndroidManifest.xml:20:59-79
62            <meta-data
62-->src\main\AndroidManifest.xml:21:7-70
63                android:name="notch_support"
63-->src\main\AndroidManifest.xml:21:18-46
64                android:value="true" />
64-->src\main\AndroidManifest.xml:21:47-67
65        </activity>
66
67        <receiver
67-->src\main\AndroidManifest.xml:23:5-113
68            android:name="com.unity.androidnotifications.UnityNotificationManager"
68-->src\main\AndroidManifest.xml:23:15-85
69            android:exported="false" />
69-->src\main\AndroidManifest.xml:23:86-110
70        <receiver
70-->src\main\AndroidManifest.xml:24:5-28:16
71            android:name="com.unity.androidnotifications.UnityNotificationRestartOnBootReceiver"
71-->src\main\AndroidManifest.xml:24:15-99
72            android:enabled="false"
72-->src\main\AndroidManifest.xml:24:100-123
73            android:exported="false" >
73-->src\main\AndroidManifest.xml:24:124-148
74            <intent-filter>
74-->src\main\AndroidManifest.xml:25:7-27:23
75                <action android:name="android.intent.action.BOOT_COMPLETED" />
75-->src\main\AndroidManifest.xml:26:9-71
75-->src\main\AndroidManifest.xml:26:17-68
76            </intent-filter>
77        </receiver>
78
79        <meta-data
79-->src\main\AndroidManifest.xml:29:5-99
80            android:name="com.unity.androidnotifications.exact_scheduling"
80-->src\main\AndroidManifest.xml:29:16-78
81            android:value="0" />
81-->src\main\AndroidManifest.xml:29:79-96
82    </application>
83
84</manifest>